<?xml version="1.0" encoding="UTF-8"?>
<!-- Generated by org.testng.reporters.JUnitReportReporter -->
<testsuite name="KT.KTproject.DragandDrop" tests="1" time="8.450" ignored="0" failures="0" timestamp="08 Sep 2017 11:29:36 GMT" skipped="0" hostname="DESKTOP-AMOHKHO" errors="0">
  <testcase name="dp" time="8.450" classname="KT.KTproject.DragandDrop"/>
</testsuite> <!-- KT.KTproject.DragandDrop -->
