<?xml version="1.0" encoding="UTF-8"?>
<!-- Generated by org.testng.reporters.JUnitReportReporter -->
<testsuite name="KT.KTproject.popup_window" tests="1" time="34.103" ignored="0" failures="0" timestamp="08 Sep 2017 11:52:43 GMT" skipped="0" hostname="DESKTOP-AMOHKHO" errors="0">
  <testcase name="f" time="34.103" classname="KT.KTproject.popup_window"/>
</testsuite> <!-- KT.KTproject.popup_window -->
